<?xml version="1.0" encoding="UTF-8"?>
<!-- Generated by org.testng.reporters.JUnitReportReporter -->
<testsuite hostname="abood" failures="0" tests="3" name="myTestCases" time="0.198" errors="0" timestamp="2024-11-03T18:44:03 EET" skipped="2">
  <testcase classname="myTestCases" name="StaticDropdown" time="0.198"/>
  <system-out/>
  <testcase classname="myTestCases" name="DynamicDropdown">
    <skipped/>
  </testcase> <!-- DynamicDropdown -->
  <system-out/>
  <testcase classname="myTestCases" name="RadioButton">
    <skipped/>
  </testcase> <!-- RadioButton -->
  <system-out/>
</testsuite> <!-- myTestCases -->
