<?xml version="1.0" encoding="UTF-8"?>
<!-- Generated by org.testng.reporters.JUnitReportReporter -->
<testsuite hostname="abood" failures="0" tests="2" name="myTestCases" time="1.186" errors="0" timestamp="2024-11-01T16:15:03 EET" skipped="1">
  <testcase classname="myTestCases" name="DynamicDropdown" time="1.186"/>
  <system-out/>
  <testcase classname="myTestCases" name="RadioButton">
    <skipped/>
  </testcase> <!-- RadioButton -->
  <system-out/>
</testsuite> <!-- myTestCases -->
